  % Total    % Received % Xferd  Average Speed   Time    Time     Time  Current
                                 Dload  Upload   Total   Spent    Left  Speed
  0     0    0     0    0     0      0      0 --:--:-- --:--:-- --:--:--     0*   Trying 3.141.5.12...
* TCP_NODELAY set
* Connected to ec2-3-141-5-12.us-east-2.compute.amazonaws.com (3.141.5.12) port 80 (#0)
> GET /accounts/login/ HTTP/1.1
> Host: ec2-3-141-5-12.us-east-2.compute.amazonaws.com
> User-Agent: curl/7.64.1
> Accept: */*
>
< HTTP/1.1 200 OK
< Server: nginx/1.18.0 (Ubuntu)
< Date: Sun, 26 Sep 2021 02:22:23 GMT
< Content-Type: text/html; charset=utf-8
< Content-Length: 733
< Connection: keep-alive
<
{ [733 bytes data]
100   733  100   733    0     0  10779      0 --:--:-- --:--:-- --:--:-- 10779
* Connection #0 to host ec2-3-141-5-12.us-east-2.compute.amazonaws.com left intact
* Closing connection 0
