  % Total    % Received % Xferd  Average Speed   Time    Time     Time  Current
                                 Dload  Upload   Total   Spent    Left  Speed
  0     0    0     0    0     0      0      0 --:--:-- --:--:-- --:--:--     0*   Trying 3.144.218.134...
* TCP_NODELAY set
* Connected to ec2-3-144-218-134.us-east-2.compute.amazonaws.com (3.144.218.134) port 80 (#0)
> GET / HTTP/1.1
> Host: ec2-3-144-218-134.us-east-2.compute.amazonaws.com
> User-Agent: curl/7.64.1
> Accept: */*
> Cookie: login=eyJ1c2VybmFtZSI6ImF3ZGVvcmlvIn0.YWjxRg.JxMtHMt9Kt-oTdb3XWLuSUeYlkw
> 
< HTTP/1.1 200 OK
< Server: nginx/1.18.0 (Ubuntu)
< Date: Fri, 15 Oct 2021 03:11:48 GMT
< Content-Type: text/html; charset=utf-8
< Content-Length: 799
< Connection: keep-alive
< Vary: Cookie
< 
{ [799 bytes data]
100   799  100   799    0     0  11414      0 --:--:-- --:--:-- --:--:-- 11414
* Connection #0 to host ec2-3-144-218-134.us-east-2.compute.amazonaws.com left intact
* Closing connection 0
