  % Total    % Received % Xferd  Average Speed   Time    Time     Time  Current
                                 Dload  Upload   Total   Spent    Left  Speed
  0     0    0     0    0     0      0      0 --:--:-- --:--:-- --:--:--     0*   Trying 3.144.218.134...
* TCP_NODELAY set
  0     0    0     0    0     0      0      0 --:--:-- --:--:-- --:--:--     0* Connected to ec2-3-144-218-134.us-east-2.compute.amazonaws.com (3.144.218.134) port 80 (#0)
> GET /static/js/bundle.js HTTP/1.1
> Host: ec2-3-144-218-134.us-east-2.compute.amazonaws.com
> User-Agent: curl/7.64.1
> Accept: */*
> Cookie: login=eyJ1c2VybmFtZSI6ImF3ZGVvcmlvIn0.YWjxRg.JxMtHMt9Kt-oTdb3XWLuSUeYlkw
> 
< HTTP/1.1 200 OK
< Server: nginx/1.18.0 (Ubuntu)
< Date: Fri, 15 Oct 2021 03:12:34 GMT
< Content-Type: application/javascript; charset=utf-8
< Content-Length: 1096023
< Connection: keep-alive
< Content-Disposition: inline; filename=bundle.js
< Last-Modified: Fri, 15 Oct 2021 03:06:49 GMT
< Cache-Control: no-cache
< 
{ [14171 bytes data]
100 1070k  100 1070k    0     0  3441k      0 --:--:-- --:--:-- --:--:-- 3430k
* Connection #0 to host ec2-3-144-218-134.us-east-2.compute.amazonaws.com left intact
* Closing connection 0
